heap profile: 52: 89792 [3400: 306224] @ heap/2
1: 32768 [1: 32768] @ 0x43495 0x66701 0x67916 0x6ac63 0x6e317 0x20ab 0x79a3c 0x7db99 0x2297 0x2fca0 0x5f5d1
1: 32768 [1: 32768] @ 0x43495 0x100960 0x5f5d1
1: 6144 [1: 6144] @ 0x43495 0x6665b 0x67916 0x6ac63 0x6e317 0x20ab 0x79a3c 0x7db99 0x2297 0x2fca0 0x5f5d1
5: 5120 [5: 5120] @ 0x331e6 0x338df 0x328f6 0x5cba9 0x32990
1: 2304 [1: 2304] @ 0xc0d2 0xaf82 0x1f8bf5 0x1f94b6 0x1f9eaf 0x1f36e2 0x1fcf2b 0x12f4df 0x109e9b 0x840c5 0x230a 0x2fc6f 0x5f5d1
5: 1920 [5: 1920] @ 0x36c67 0x2b7df 0x311f5 0x3321c 0x338df 0x328f6 0x5cba9 0x32990
5: 1920 [5: 1920] @ 0x36c67 0x3333c 0x338df 0x328f6 0x5cba9 0x32990
1: 1280 [1: 1280] @ 0x43891 0xab45e 0xa887b 0xa7e59 0x6d349 0x6d1f3 0x20fd 0x79a3c 0x7db99 0x2297 0x2fca0 0x5f5d1
1: 1280 [1: 1280] @ 0x1008d9 0x5f5d1
1: 1024 [1: 1024] @ 0x331e6 0x338df 0x33d02 0x34189 0x350ff 0x3554b 0x35bf9 0x5cb0b
1: 384 [1: 384] @ 0x36c67 0x36e54 0x54988 0x5cba9 0x32990
1: 384 [1: 384] @ 0x36c67 0x2b7df 0x311f5 0x3321c 0x338df 0x33d02 0x34189 0x350ff 0x3554b 0x35bf9 0x5cb0b
1: 384 [1: 384] @ 0x36c67 0x3333c 0x338df 0x33d02 0x34189 0x350ff 0x3554b 0x35bf9 0x5cb0b
1: 288 [1: 288] @ 0x67edf 0x6d817 0x6a88d 0x6e317 0x20ab 0x79a3c 0x7db99 0x2297 0x2fca0 0x5f5d1
1: 288 [1: 288] @ 0x43495 0x680e1 0x6d817 0x6a88d 0x6e317 0x20ab 0x79a3c 0x7db99 0x2297 0x2fca0 0x5f5d1
1: 288 [1: 288] @ 0x43495 0x67fb1 0x6d817 0x6a88d 0x6e317 0x20ab 0x79a3c 0x7db99 0x2297 0x2fca0 0x5f5d1
3: 192 [3: 192] @ 0x540ce 0x5cba9 0x32990
1: 160 [1: 160] @ 0x6d3cb 0x6d1f3 0x20fd 0x79a3c 0x7db99 0x2297 0x2fca0 0x5f5d1
1: 112 [1: 112] @ 0x6acdd 0x6e317 0x20ab 0x79a3c 0x7db99 0x2297 0x2fca0 0x5f5d1
1: 96 [1: 96] @ 0x47d37 0x47bbf 0xe38b6 0x80731 0x7fb5a 0x7db9e 0x2297 0x2fca0 0x5f5d1
1: 80 [1: 80] @ 0x43495 0x6809a 0x6d817 0x6a88d 0x6e317 0x20ab 0x79a3c 0x7db99 0x2297 0x2fca0 0x5f5d1
1: 80 [1: 80] @ 0x43495 0x67f6a 0x6d817 0x6a88d 0x6e317 0x20ab 0x79a3c 0x7db99 0x2297 0x2fca0 0x5f5d1
1: 64 [1: 64] @ 0x43803 0x43597 0xabf70 0xabd58 0xac42a 0xb0d50 0x6d29d 0x6d1f3 0x20fd 0x79a3c 0x7db99 0x2297 0x2fca0 0x5f5d1
1: 64 [1: 64] @ 0x303c0 0x6632 0x62cb 0x1007e8 0x5f5d1
1: 64 [1: 64] @ 0x303c0 0x3eae1 0x3e212 0x104c63 0x84033 0x7846a 0x78713 0x5f5d1
1: 64 [1: 64] @ 0x986a9 0xfd3ed 0x5f5d1
1: 64 [1: 64] @ 0x303c0 0x6632 0x62cb 0x1017a6 0x5f5d1
1: 48 [1: 48] @ 0xa7d22 0x6d349 0x6d1f3 0x20fd 0x79a3c 0x7db99 0x2297 0x2fca0 0x5f5d1
1: 32 [1: 32] @ 0x62cff 0x63049 0x623a8 0x7fb82 0x7db9e 0x2297 0x2fca0 0x5f5d1
1: 16 [1: 16] @ 0x47ece 0x6d534 0x6d1f3 0x20fd 0x79a3c 0x7db99 0x2297 0x2fca0 0x5f5d1
1: 16 [1: 16] @ 0x43495 0x68214 0x6d817 0x6a88d 0x6e317 0x20ab 0x79a3c 0x7db99 0x2297 0x2fca0 0x5f5d1
1: 16 [1: 16] @ 0x43891 0x4b730 0x4b5b1 0x4b4c1 0x9841d 0x104974 0x84033 0x7846a 0x78713 0x5f5d1
1: 16 [1: 16] @ 0x47d37 0x47bbf 0xb846e 0x6d4c8 0x6d1f3 0x20fd 0x79a3c 0x7db99 0x2297 0x2fca0 0x5f5d1
1: 16 [1: 16] @ 0x43495 0xbb558 0x6d306 0x6d1f3 0x20fd 0x79a3c 0x7db99 0x2297 0x2fca0 0x5f5d1
1: 16 [1: 16] @ 0xed77 0x7db1b 0x2297 0x2fca0 0x5f5d1
1: 16 [1: 16] @ 0xfd3a9 0x5f5d1
1: 8 [1: 8] @ 0x62ce5 0x63049 0x623a8 0x7fb82 0x7db9e 0x2297 0x2fca0 0x5f5d1
1: 8 [1: 8] @ 0x43891 0x6d952 0x6aa46 0x6e317 0x20ab 0x79a3c 0x7db99 0x2297 0x2fca0 0x5f5d1
0: 0 [0: 0] @ 0x43495 0xf3151 0xf3010 0x7fd0e 0x7db9e 0x2297 0x2fca0 0x5f5d1
0: 0 [1: 16] @ 0xed77 0x7975a 0x79e64 0x7db99 0x2297 0x2fca0 0x5f5d1
0: 0 [1: 256] @ 0x79db5 0x7db99 0x2297 0x2fca0 0x5f5d1
0: 0 [1: 96] @ 0x79d98 0x7db99 0x2297 0x2fca0 0x5f5d1
0: 0 [1: 32] @ 0x47d37 0x47bbf 0xe38b6 0x7980e 0x79c19 0x7db99 0x2297 0x2fca0 0x5f5d1
0: 0 [1: 16] @ 0xed77 0x7975a 0x79c19 0x7db99 0x2297 0x2fca0 0x5f5d1
0: 0 [1: 16] @ 0xed77 0x797aa 0x79e64 0x7db99 0x2297 0x2fca0 0x5f5d1
0: 0 [1: 32] @ 0x47d37 0x47bbf 0xe38b6 0x7980e 0x79e64 0x7db99 0x2297 0x2fca0 0x5f5d1
0: 0 [1: 16] @ 0xed77 0x79f71 0x7db99 0x2297 0x2fca0 0x5f5d1
0: 0 [1: 96] @ 0x5563 0x98350 0x104974 0x84033 0x7846a 0x78713 0x5f5d1
0: 0 [1: 32] @ 0x5585 0x98350 0x104974 0x84033 0x7846a 0x78713 0x5f5d1
0: 0 [1: 64] @ 0x9838c 0x104974 0x84033 0x7846a 0x78713 0x5f5d1
0: 0 [1100: 105600] @ 0x5563 0x98350 0x104974 0x84033 0x7846a 0x787e1 0x5f5d1
0: 0 [1100: 35200] @ 0x5585 0x98350 0x104974 0x84033 0x7846a 0x787e1 0x5f5d1
0: 0 [1100: 70400] @ 0x9838c 0x104974 0x84033 0x7846a 0x787e1 0x5f5d1
0: 0 [1: 16] @ 0xed77 0x78d01 0x7a29c 0x7db99 0x2297 0x2fca0 0x5f5d1
0: 0 [1: 8] @ 0x43891 0xa6c55 0xa69f3 0xa65e1 0xe31b7 0xe383b 0x78d77 0x7a29c 0x7db99 0x2297 0x2fca0 0x5f5d1
0: 0 [1: 32] @ 0x43891 0x7a974 0x7db99 0x2297 0x2fca0 0x5f5d1
0: 0 [1: 1408] @ 0x43495 0xa6b5e 0xa69f3 0xa65e1 0xe31b7 0xe383b 0x78d77 0x7a29c 0x7db99 0x2297 0x2fca0 0x5f5d1
0: 0 [1: 112] @ 0xb832d 0x6d4c8 0x6d1f3 0x20fd 0x79a3c 0x7db99 0x2297 0x2fca0 0x5f5d1
0: 0 [1: 208] @ 0xf06af 0xa68c8 0xa66f1 0xe31b7 0xe383b 0x78d77 0x7a29c 0x7db99 0x2297 0x2fca0 0x5f5d1
0: 0 [1: 16] @ 0x43803 0x43597 0xdfedf 0xe0c2f 0xe523a 0xe90d8 0xeffbd 0xe387f 0x78d77 0x7a29c 0x7db99 0x2297 0x2fca0 0x5f5d1
0: 0 [1: 640] @ 0x43891 0xab45e 0xa887b 0xa7e59 0x6d349 0x6d1f3 0x20fd 0x79a3c 0x7db99 0x2297 0x2fca0 0x5f5d1
0: 0 [1: 320] @ 0x43891 0xab45e 0xa887b 0xa7e59 0x6d349 0x6d1f3 0x20fd 0x79a3c 0x7db99 0x2297 0x2fca0 0x5f5d1
0: 0 [1: 160] @ 0x43891 0xab45e 0xa887b 0xa7e59 0x6d349 0x6d1f3 0x20fd 0x79a3c 0x7db99 0x2297 0x2fca0 0x5f5d1
0: 0 [1: 16] @ 0x47d37 0x47bbf 0xe38b6 0x78d77 0x7a29c 0x7db99 0x2297 0x2fca0 0x5f5d1
0: 0 [1: 80] @ 0x43891 0xab45e 0xa887b 0xa7e59 0x6d349 0x6d1f3 0x20fd 0x79a3c 0x7db99 0x2297 0x2fca0 0x5f5d1
0: 0 [1: 48] @ 0x43891 0xa8091 0x6d349 0x6d1f3 0x20fd 0x79a3c 0x7db99 0x2297 0x2fca0 0x5f5d1
0: 0 [1: 16] @ 0xed77 0x78f95 0x7a29c 0x7db99 0x2297 0x2fca0 0x5f5d1
0: 0 [1: 16] @ 0xed77 0x78ff1 0x7a29c 0x7db99 0x2297 0x2fca0 0x5f5d1
0: 0 [1: 16] @ 0xed77 0x79051 0x7a29c 0x7db99 0x2297 0x2fca0 0x5f5d1
0: 0 [1: 32] @ 0x43803 0x43597 0xe05d6 0xe1151 0xe5dbc 0xe9545 0xeffbd 0xe387f 0x790c7 0x7a29c 0x7db99 0x2297 0x2fca0 0x5f5d1
0: 0 [1: 32] @ 0x47d37 0x47bbf 0xe38b6 0x790c7 0x7a29c 0x7db99 0x2297 0x2fca0 0x5f5d1
0: 0 [1: 16] @ 0xed77 0x79576 0x7a871 0x7db99 0x2297 0x2fca0 0x5f5d1
0: 0 [1: 32] @ 0x43803 0x43597 0xabf70 0xabd58 0xac42a 0xb0d50 0x6d29d 0x6d1f3 0x20fd 0x79a3c 0x7db99 0x2297 0x2fca0 0x5f5d1
0: 0 [1: 32] @ 0x47d37 0x47bbf 0xe38b6 0x795ec 0x7a871 0x7db99 0x2297 0x2fca0 0x5f5d1
0: 0 [1: 64] @ 0x47d37 0x4764b 0x479da 0x7a8d1 0x7db99 0x2297 0x2fca0 0x5f5d1
0: 0 [1: 16] @ 0xed77 0x7a35b 0x7db99 0x2297 0x2fca0 0x5f5d1
0: 0 [1: 16] @ 0x43803 0x43597 0xabf70 0xabd58 0xac42a 0xb0d50 0x6d29d 0x6d1f3 0x20fd 0x79a3c 0x7db99 0x2297 0x2fca0 0x5f5d1
0: 0 [1: 16] @ 0x43891 0xab917 0xac42a 0xb0d50 0x6d29d 0x6d1f3 0x20fd 0x79a3c 0x7db99 0x2297 0x2fca0 0x5f5d1
0: 0 [1: 8] @ 0x43891 0xab917 0xac42a 0xb0d50 0x6d29d 0x6d1f3 0x20fd 0x79a3c 0x7db99 0x2297 0x2fca0 0x5f5d1
0: 0 [3: 336] @ 0xac343 0xac412 0xb0d50 0x6d29d 0x6d1f3 0x20fd 0x79a3c 0x7db99 0x2297 0x2fca0 0x5f5d1
0: 0 [1: 64] @ 0x43803 0x43597 0xe05d6 0xe1151 0xe5e24 0xe9545 0xf044d 0xe3c97 0xe3d93 0x7a3bc 0x7db99 0x2297 0x2fca0 0x5f5d1
0: 0 [1: 96] @ 0xb07e0 0x6d29d 0x6d1f3 0x20fd 0x79a3c 0x7db99 0x2297 0x2fca0 0x5f5d1
0: 0 [1: 16] @ 0xed77 0x80629 0x7fb5a 0x7db9e 0x2297 0x2fca0 0x5f5d1
0: 0 [1: 16] @ 0xed77 0x806cd 0x7fb5a 0x7db9e 0x2297 0x2fca0 0x5f5d1
0: 0 [1: 16] @ 0xed77 0x7e763 0x7da51 0x2297 0x2fca0 0x5f5d1
0: 0 [1: 128] @ 0x43803 0x43597 0xe05d6 0xe1151 0xe5dbc 0xe9545 0xeffbd 0xe387f 0x80731 0x7fb5a 0x7db9e 0x2297 0x2fca0 0x5f5d1
0: 0 [1: 96] @ 0x43495 0x886d6 0x887cb 0x8ce0f 0x62fb2 0x623a8 0x7fb82 0x7db9e 0x2297 0x2fca0 0x5f5d1
0: 0 [1: 416] @ 0xc0d2 0xaf82 0xc44ef 0xbca17 0x76ff7 0x2300 0x2fc6f 0x5f5d1

# runtime.MemStats
# Alloc = 372760
# TotalAlloc = 698568
# Sys = 5769464
# Lookups = 6
# Mallocs = 5516
# Frees = 4302
# HeapAlloc = 372760
# HeapSys = 1540096
# HeapIdle = 753664
# HeapInuse = 786432
# HeapReleased = 0
# HeapObjects = 1214
# Stack = 557056 / 557056
# MSpan = 9960 / 16384
# MCache = 9600 / 16384
# BuckHashSys = 1464831
# NextGC = 4194304
# PauseNs = [250264 159155 304707 891296 0 0 0 0 0 0 0 0 0 0 0 0 0 0 0 0 0 0 0 0 0 0 0 0 0 0 0 0 0 0 0 0 0 0 0 0 0 0 0 0 0 0 0 0 0 0 0 0 0 0 0 0 0 0 0 0 0 0 0 0 0 0 0 0 0 0 0 0 0 0 0 0 0 0 0 0 0 0 0 0 0 0 0 0 0 0 0 0 0 0 0 0 0 0 0 0 0 0 0 0 0 0 0 0 0 0 0 0 0 0 0 0 0 0 0 0 0 0 0 0 0 0 0 0 0 0 0 0 0 0 0 0 0 0 0 0 0 0 0 0 0 0 0 0 0 0 0 0 0 0 0 0 0 0 0 0 0 0 0 0 0 0 0 0 0 0 0 0 0 0 0 0 0 0 0 0 0 0 0 0 0 0 0 0 0 0 0 0 0 0 0 0 0 0 0 0 0 0 0 0 0 0 0 0 0 0 0 0 0 0 0 0 0 0 0 0 0 0 0 0 0 0 0 0 0 0 0 0 0 0 0 0 0 0 0 0 0 0 0 0 0 0 0 0 0 0 0 0 0 0 0 0]
# NumGC = 4
# EnableGC = true
# DebugGC = false
